<?xml version="1.0" encoding="UTF-8"?>
<testsuite xmlns:xsi="http://www.w3.org/2001/XMLSchema-instance" xsi:noNamespaceSchemaLocation="https://maven.apache.org/surefire/maven-surefire-plugin/xsd/surefire-test-report-3.0.xsd" version="3.0" name="TestSuite" time="3.082" tests="3" errors="0" skipped="0" failures="0">
  <properties>
    <property name="sun.desktop" value="windows"/>
    <property name="awt.toolkit" value="sun.awt.windows.WToolkit"/>
    <property name="file.encoding.pkg" value="sun.io"/>
    <property name="java.specification.version" value="1.8"/>
    <property name="sun.cpu.isalist" value="amd64"/>
    <property name="sun.jnu.encoding" value="Cp1252"/>
    <property name="java.class.path" value="C:\Users\Pratik.Jain\Desktop\Documents\VerifyAutomation\ApiAutomationFramework\target\test-classes;C:\Users\Pratik.Jain\Desktop\Documents\VerifyAutomation\ApiAutomationFramework\target\classes;C:\Users\Pratik.Jain\.m2\repository\io\rest-assured\rest-assured\4.5.1\rest-assured-4.5.1.jar;C:\Users\Pratik.Jain\.m2\repository\org\codehaus\groovy\groovy\3.0.9\groovy-3.0.9.jar;C:\Users\Pratik.Jain\.m2\repository\org\codehaus\groovy\groovy-xml\3.0.9\groovy-xml-3.0.9.jar;C:\Users\Pratik.Jain\.m2\repository\org\apache\httpcomponents\httpclient\4.5.13\httpclient-4.5.13.jar;C:\Users\Pratik.Jain\.m2\repository\org\apache\httpcomponents\httpcore\4.4.13\httpcore-4.4.13.jar;C:\Users\Pratik.Jain\.m2\repository\commons-logging\commons-logging\1.2\commons-logging-1.2.jar;C:\Users\Pratik.Jain\.m2\repository\commons-codec\commons-codec\1.11\commons-codec-1.11.jar;C:\Users\Pratik.Jain\.m2\repository\org\apache\httpcomponents\httpmime\4.5.13\httpmime-4.5.13.jar;C:\Users\Pratik.Jain\.m2\repository\org\hamcrest\hamcrest\2.1\hamcrest-2.1.jar;C:\Users\Pratik.Jain\.m2\repository\org\ccil\cowan\tagsoup\tagsoup\1.2.1\tagsoup-1.2.1.jar;C:\Users\Pratik.Jain\.m2\repository\io\rest-assured\json-path\4.5.1\json-path-4.5.1.jar;C:\Users\Pratik.Jain\.m2\repository\org\codehaus\groovy\groovy-json\3.0.9\groovy-json-3.0.9.jar;C:\Users\Pratik.Jain\.m2\repository\io\rest-assured\rest-assured-common\4.5.1\rest-assured-common-4.5.1.jar;C:\Users\Pratik.Jain\.m2\repository\io\rest-assured\xml-path\4.5.1\xml-path-4.5.1.jar;C:\Users\Pratik.Jain\.m2\repository\com\aventstack\extentreports\5.0.5\extentreports-5.0.5.jar;C:\Users\Pratik.Jain\.m2\repository\io\reactivex\rxjava3\rxjava\3.0.4\rxjava-3.0.4.jar;C:\Users\Pratik.Jain\.m2\repository\org\reactivestreams\reactive-streams\1.0.3\reactive-streams-1.0.3.jar;C:\Users\Pratik.Jain\.m2\repository\org\freemarker\freemarker\2.3.30\freemarker-2.3.30.jar;C:\Users\Pratik.Jain\.m2\repository\com\google\code\gson\gson\2.8.6\gson-2.8.6.jar;C:\Users\Pratik.Jain\.m2\repository\org\assertj\assertj-core\3.22.0\assertj-core-3.22.0.jar;C:\Users\Pratik.Jain\.m2\repository\com\fasterxml\jackson\core\jackson-databind\2.13.0-rc2\jackson-databind-2.13.0-rc2.jar;C:\Users\Pratik.Jain\.m2\repository\com\fasterxml\jackson\core\jackson-annotations\2.13.0-rc2\jackson-annotations-2.13.0-rc2.jar;C:\Users\Pratik.Jain\.m2\repository\com\fasterxml\jackson\core\jackson-core\2.13.0-rc2\jackson-core-2.13.0-rc2.jar;C:\Users\Pratik.Jain\.m2\repository\org\json\json\20220320\json-20220320.jar;C:\Users\Pratik.Jain\.m2\repository\org\testng\testng\7.4.0\testng-7.4.0.jar;C:\Users\Pratik.Jain\.m2\repository\com\beust\jcommander\1.78\jcommander-1.78.jar;C:\Users\Pratik.Jain\.m2\repository\org\webjars\jquery\3.5.1\jquery-3.5.1.jar;C:\Users\Pratik.Jain\.m2\repository\org\projectlombok\lombok\1.18.12\lombok-1.18.12.jar;C:\Users\Pratik.Jain\.m2\repository\io\rest-assured\json-schema-validator\4.5.1\json-schema-validator-4.5.1.jar;C:\Users\Pratik.Jain\.m2\repository\com\github\java-json-tools\json-schema-validator\2.2.14\json-schema-validator-2.2.14.jar;C:\Users\Pratik.Jain\.m2\repository\com\google\guava\guava\28.2-android\guava-28.2-android.jar;C:\Users\Pratik.Jain\.m2\repository\com\google\guava\failureaccess\1.0.1\failureaccess-1.0.1.jar;C:\Users\Pratik.Jain\.m2\repository\com\google\guava\listenablefuture\9999.0-empty-to-avoid-conflict-with-guava\listenablefuture-9999.0-empty-to-avoid-conflict-with-guava.jar;C:\Users\Pratik.Jain\.m2\repository\org\checkerframework\checker-compat-qual\2.5.5\checker-compat-qual-2.5.5.jar;C:\Users\Pratik.Jain\.m2\repository\com\google\errorprone\error_prone_annotations\2.3.4\error_prone_annotations-2.3.4.jar;C:\Users\Pratik.Jain\.m2\repository\com\google\j2objc\j2objc-annotations\1.3\j2objc-annotations-1.3.jar;C:\Users\Pratik.Jain\.m2\repository\com\github\java-json-tools\jackson-coreutils-equivalence\1.0\jackson-coreutils-equivalence-1.0.jar;C:\Users\Pratik.Jain\.m2\repository\com\github\java-json-tools\jackson-coreutils\2.0\jackson-coreutils-2.0.jar;C:\Users\Pratik.Jain\.m2\repository\com\github\java-json-tools\msg-simple\1.2\msg-simple-1.2.jar;C:\Users\Pratik.Jain\.m2\repository\com\github\java-json-tools\btf\1.3\btf-1.3.jar;C:\Users\Pratik.Jain\.m2\repository\com\github\java-json-tools\json-schema-core\1.2.14\json-schema-core-1.2.14.jar;C:\Users\Pratik.Jain\.m2\repository\com\github\java-json-tools\uri-template\0.10\uri-template-0.10.jar;C:\Users\Pratik.Jain\.m2\repository\org\mozilla\rhino\1.7.7.2\rhino-1.7.7.2.jar;C:\Users\Pratik.Jain\.m2\repository\com\sun\mail\mailapi\1.6.2\mailapi-1.6.2.jar;C:\Users\Pratik.Jain\.m2\repository\joda-time\joda-time\2.10.5\joda-time-2.10.5.jar;C:\Users\Pratik.Jain\.m2\repository\com\googlecode\libphonenumber\libphonenumber\8.11.1\libphonenumber-8.11.1.jar;C:\Users\Pratik.Jain\.m2\repository\com\google\code\findbugs\jsr305\3.0.2\jsr305-3.0.2.jar;C:\Users\Pratik.Jain\.m2\repository\net\sf\jopt-simple\jopt-simple\5.0.4\jopt-simple-5.0.4.jar;C:\Users\Pratik.Jain\.m2\repository\com\github\javafaker\javafaker\1.0.2\javafaker-1.0.2.jar;C:\Users\Pratik.Jain\.m2\repository\org\apache\commons\commons-lang3\3.5\commons-lang3-3.5.jar;C:\Users\Pratik.Jain\.m2\repository\org\yaml\snakeyaml\1.23\snakeyaml-1.23-android.jar;C:\Users\Pratik.Jain\.m2\repository\com\github\mifmif\generex\1.0.2\generex-1.0.2.jar;C:\Users\Pratik.Jain\.m2\repository\dk\brics\automaton\automaton\1.11-8\automaton-1.11-8.jar;"/>
    <property name="java.vm.vendor" value="Oracle Corporation"/>
    <property name="sun.arch.data.model" value="64"/>
    <property name="user.variant" value=""/>
    <property name="java.vendor.url" value="http://java.oracle.com/"/>
    <property name="user.timezone" value="Asia/Calcutta"/>
    <property name="java.vm.specification.version" value="1.8"/>
    <property name="os.name" value="Windows 10"/>
    <property name="user.country" value="IN"/>
    <property name="sun.java.launcher" value="SUN_STANDARD"/>
    <property name="sun.boot.library.path" value="C:\Program Files\Java\jdk1.8.0_301\jre\bin"/>
    <property name="sun.java.command" value="C:\Users\Pratik.Jain\AppData\Local\Temp\surefire3217111416147185263\surefirebooter-20230212123617055_3.jar C:\Users\Pratik.Jain\AppData\Local\Temp\surefire3217111416147185263 2023-02-12T12-36-16_542-jvmRun1 surefire-20230212123617055_1tmp surefire_0-20230212123617055_2tmp"/>
    <property name="surefire.test.class.path" value="C:\Users\Pratik.Jain\Desktop\Documents\VerifyAutomation\ApiAutomationFramework\target\test-classes;C:\Users\Pratik.Jain\Desktop\Documents\VerifyAutomation\ApiAutomationFramework\target\classes;C:\Users\Pratik.Jain\.m2\repository\io\rest-assured\rest-assured\4.5.1\rest-assured-4.5.1.jar;C:\Users\Pratik.Jain\.m2\repository\org\codehaus\groovy\groovy\3.0.9\groovy-3.0.9.jar;C:\Users\Pratik.Jain\.m2\repository\org\codehaus\groovy\groovy-xml\3.0.9\groovy-xml-3.0.9.jar;C:\Users\Pratik.Jain\.m2\repository\org\apache\httpcomponents\httpclient\4.5.13\httpclient-4.5.13.jar;C:\Users\Pratik.Jain\.m2\repository\org\apache\httpcomponents\httpcore\4.4.13\httpcore-4.4.13.jar;C:\Users\Pratik.Jain\.m2\repository\commons-logging\commons-logging\1.2\commons-logging-1.2.jar;C:\Users\Pratik.Jain\.m2\repository\commons-codec\commons-codec\1.11\commons-codec-1.11.jar;C:\Users\Pratik.Jain\.m2\repository\org\apache\httpcomponents\httpmime\4.5.13\httpmime-4.5.13.jar;C:\Users\Pratik.Jain\.m2\repository\org\hamcrest\hamcrest\2.1\hamcrest-2.1.jar;C:\Users\Pratik.Jain\.m2\repository\org\ccil\cowan\tagsoup\tagsoup\1.2.1\tagsoup-1.2.1.jar;C:\Users\Pratik.Jain\.m2\repository\io\rest-assured\json-path\4.5.1\json-path-4.5.1.jar;C:\Users\Pratik.Jain\.m2\repository\org\codehaus\groovy\groovy-json\3.0.9\groovy-json-3.0.9.jar;C:\Users\Pratik.Jain\.m2\repository\io\rest-assured\rest-assured-common\4.5.1\rest-assured-common-4.5.1.jar;C:\Users\Pratik.Jain\.m2\repository\io\rest-assured\xml-path\4.5.1\xml-path-4.5.1.jar;C:\Users\Pratik.Jain\.m2\repository\com\aventstack\extentreports\5.0.5\extentreports-5.0.5.jar;C:\Users\Pratik.Jain\.m2\repository\io\reactivex\rxjava3\rxjava\3.0.4\rxjava-3.0.4.jar;C:\Users\Pratik.Jain\.m2\repository\org\reactivestreams\reactive-streams\1.0.3\reactive-streams-1.0.3.jar;C:\Users\Pratik.Jain\.m2\repository\org\freemarker\freemarker\2.3.30\freemarker-2.3.30.jar;C:\Users\Pratik.Jain\.m2\repository\com\google\code\gson\gson\2.8.6\gson-2.8.6.jar;C:\Users\Pratik.Jain\.m2\repository\org\assertj\assertj-core\3.22.0\assertj-core-3.22.0.jar;C:\Users\Pratik.Jain\.m2\repository\com\fasterxml\jackson\core\jackson-databind\2.13.0-rc2\jackson-databind-2.13.0-rc2.jar;C:\Users\Pratik.Jain\.m2\repository\com\fasterxml\jackson\core\jackson-annotations\2.13.0-rc2\jackson-annotations-2.13.0-rc2.jar;C:\Users\Pratik.Jain\.m2\repository\com\fasterxml\jackson\core\jackson-core\2.13.0-rc2\jackson-core-2.13.0-rc2.jar;C:\Users\Pratik.Jain\.m2\repository\org\json\json\20220320\json-20220320.jar;C:\Users\Pratik.Jain\.m2\repository\org\testng\testng\7.4.0\testng-7.4.0.jar;C:\Users\Pratik.Jain\.m2\repository\com\beust\jcommander\1.78\jcommander-1.78.jar;C:\Users\Pratik.Jain\.m2\repository\org\webjars\jquery\3.5.1\jquery-3.5.1.jar;C:\Users\Pratik.Jain\.m2\repository\org\projectlombok\lombok\1.18.12\lombok-1.18.12.jar;C:\Users\Pratik.Jain\.m2\repository\io\rest-assured\json-schema-validator\4.5.1\json-schema-validator-4.5.1.jar;C:\Users\Pratik.Jain\.m2\repository\com\github\java-json-tools\json-schema-validator\2.2.14\json-schema-validator-2.2.14.jar;C:\Users\Pratik.Jain\.m2\repository\com\google\guava\guava\28.2-android\guava-28.2-android.jar;C:\Users\Pratik.Jain\.m2\repository\com\google\guava\failureaccess\1.0.1\failureaccess-1.0.1.jar;C:\Users\Pratik.Jain\.m2\repository\com\google\guava\listenablefuture\9999.0-empty-to-avoid-conflict-with-guava\listenablefuture-9999.0-empty-to-avoid-conflict-with-guava.jar;C:\Users\Pratik.Jain\.m2\repository\org\checkerframework\checker-compat-qual\2.5.5\checker-compat-qual-2.5.5.jar;C:\Users\Pratik.Jain\.m2\repository\com\google\errorprone\error_prone_annotations\2.3.4\error_prone_annotations-2.3.4.jar;C:\Users\Pratik.Jain\.m2\repository\com\google\j2objc\j2objc-annotations\1.3\j2objc-annotations-1.3.jar;C:\Users\Pratik.Jain\.m2\repository\com\github\java-json-tools\jackson-coreutils-equivalence\1.0\jackson-coreutils-equivalence-1.0.jar;C:\Users\Pratik.Jain\.m2\repository\com\github\java-json-tools\jackson-coreutils\2.0\jackson-coreutils-2.0.jar;C:\Users\Pratik.Jain\.m2\repository\com\github\java-json-tools\msg-simple\1.2\msg-simple-1.2.jar;C:\Users\Pratik.Jain\.m2\repository\com\github\java-json-tools\btf\1.3\btf-1.3.jar;C:\Users\Pratik.Jain\.m2\repository\com\github\java-json-tools\json-schema-core\1.2.14\json-schema-core-1.2.14.jar;C:\Users\Pratik.Jain\.m2\repository\com\github\java-json-tools\uri-template\0.10\uri-template-0.10.jar;C:\Users\Pratik.Jain\.m2\repository\org\mozilla\rhino\1.7.7.2\rhino-1.7.7.2.jar;C:\Users\Pratik.Jain\.m2\repository\com\sun\mail\mailapi\1.6.2\mailapi-1.6.2.jar;C:\Users\Pratik.Jain\.m2\repository\joda-time\joda-time\2.10.5\joda-time-2.10.5.jar;C:\Users\Pratik.Jain\.m2\repository\com\googlecode\libphonenumber\libphonenumber\8.11.1\libphonenumber-8.11.1.jar;C:\Users\Pratik.Jain\.m2\repository\com\google\code\findbugs\jsr305\3.0.2\jsr305-3.0.2.jar;C:\Users\Pratik.Jain\.m2\repository\net\sf\jopt-simple\jopt-simple\5.0.4\jopt-simple-5.0.4.jar;C:\Users\Pratik.Jain\.m2\repository\com\github\javafaker\javafaker\1.0.2\javafaker-1.0.2.jar;C:\Users\Pratik.Jain\.m2\repository\org\apache\commons\commons-lang3\3.5\commons-lang3-3.5.jar;C:\Users\Pratik.Jain\.m2\repository\org\yaml\snakeyaml\1.23\snakeyaml-1.23-android.jar;C:\Users\Pratik.Jain\.m2\repository\com\github\mifmif\generex\1.0.2\generex-1.0.2.jar;C:\Users\Pratik.Jain\.m2\repository\dk\brics\automaton\automaton\1.11-8\automaton-1.11-8.jar;"/>
    <property name="sun.cpu.endian" value="little"/>
    <property name="user.home" value="C:\Users\Pratik.Jain"/>
    <property name="user.language" value="en"/>
    <property name="java.specification.vendor" value="Oracle Corporation"/>
    <property name="java.home" value="C:\Program Files\Java\jdk1.8.0_301\jre"/>
    <property name="basedir" value="C:\Users\Pratik.Jain\Desktop\Documents\VerifyAutomation\ApiAutomationFramework"/>
    <property name="file.separator" value="\"/>
    <property name="line.separator" value="&#10;"/>
    <property name="java.vm.specification.vendor" value="Oracle Corporation"/>
    <property name="java.specification.name" value="Java Platform API Specification"/>
    <property name="java.awt.graphicsenv" value="sun.awt.Win32GraphicsEnvironment"/>
    <property name="surefire.real.class.path" value="C:\Users\Pratik.Jain\AppData\Local\Temp\surefire3217111416147185263\surefirebooter-20230212123617055_3.jar"/>
    <property name="sun.boot.class.path" value="C:\Program Files\Java\jdk1.8.0_301\jre\lib\resources.jar;C:\Program Files\Java\jdk1.8.0_301\jre\lib\rt.jar;C:\Program Files\Java\jdk1.8.0_301\jre\lib\sunrsasign.jar;C:\Program Files\Java\jdk1.8.0_301\jre\lib\jsse.jar;C:\Program Files\Java\jdk1.8.0_301\jre\lib\jce.jar;C:\Program Files\Java\jdk1.8.0_301\jre\lib\charsets.jar;C:\Program Files\Java\jdk1.8.0_301\jre\lib\jfr.jar;C:\Program Files\Java\jdk1.8.0_301\jre\classes"/>
    <property name="user.script" value=""/>
    <property name="sun.management.compiler" value="HotSpot 64-Bit Tiered Compilers"/>
    <property name="java.runtime.version" value="1.8.0_301-b09"/>
    <property name="user.name" value="Pratik.Jain"/>
    <property name="path.separator" value=";"/>
    <property name="os.version" value="10.0"/>
    <property name="java.endorsed.dirs" value="C:\Program Files\Java\jdk1.8.0_301\jre\lib\endorsed"/>
    <property name="java.runtime.name" value="Java(TM) SE Runtime Environment"/>
    <property name="file.encoding" value="Cp1252"/>
    <property name="java.vm.name" value="Java HotSpot(TM) 64-Bit Server VM"/>
    <property name="localRepository" value="C:\Users\Pratik.Jain\.m2\repository"/>
    <property name="java.vendor.url.bug" value="http://bugreport.sun.com/bugreport/"/>
    <property name="java.io.tmpdir" value="C:\Users\PRATIK~1.JAI\AppData\Local\Temp\"/>
    <property name="idea.version" value="2021.2.1"/>
    <property name="java.version" value="1.8.0_301"/>
    <property name="user.dir" value="C:\Users\Pratik.Jain\Desktop\Documents\VerifyAutomation\ApiAutomationFramework"/>
    <property name="os.arch" value="amd64"/>
    <property name="java.vm.specification.name" value="Java Virtual Machine Specification"/>
    <property name="java.awt.printerjob" value="sun.awt.windows.WPrinterJob"/>
    <property name="sun.os.patch.level" value=""/>
    <property name="java.library.path" value="C:\Program Files\Java\jdk1.8.0_301\jre\bin;C:\WINDOWS\Sun\Java\bin;C:\WINDOWS\system32;C:\WINDOWS;C:\Program Files (x86)\Common Files\Oracle\Java\javapath;C:\Windows\system32;C:\Windows;C:\Windows\System32\Wbem;C:\Windows\System32\WindowsPowerShell\v1.0\;C:\Windows\System32\OpenSSH\;C:\Program Files (x86)\NVIDIA Corporation\PhysX\Common;C:\Program Files\NVIDIA Corporation\NVIDIA NvDLISR;C:\Program Files\Git\cmd;C:\Program Files\Docker\Docker\resources\bin;C:\ProgramData\DockerDesktop\version-bin;C:\Program Files\nodejs\;%SystemRoot%\system32;%SystemRoot%;%SystemRoot%\System32\Wbem;%SYSTEMROOT%\System32\WindowsPowerShell\v1.0\;%SYSTEMROOT%\System32\OpenSSH\;C:\Android;C:\Users\Pratik.Jain\AppData\Local\Microsoft\WindowsApps;C:\Program Files\Java\jdk-16.0.2\bin;C:\Users\Pratik.Jain\Desktop\apache-maven-3.8.2\bin;C:\Users\Pratik.Jain\AppData\Roaming\npm;C:\Program Files\JetBrains\PyCharm Community Edition 2021.2.2\bin;;;."/>
    <property name="java.vm.info" value="mixed mode"/>
    <property name="java.vendor" value="Oracle Corporation"/>
    <property name="java.vm.version" value="25.301-b09"/>
    <property name="java.ext.dirs" value="C:\Program Files\Java\jdk1.8.0_301\jre\lib\ext;C:\WINDOWS\Sun\Java\lib\ext"/>
    <property name="sun.io.unicode.encoding" value="UnicodeLittle"/>
    <property name="java.class.version" value="52.0"/>
  </properties>
  <testcase name="DataProviderTest[qa, test](1)" classname="com.qa.tests.DPTest" time="0">
    <system-out><![CDATA[qa test
]]></system-out>
  </testcase>
  <testcase name="DataProviderTest[qaaa, test2](2)" classname="com.qa.tests.DPTest" time="0.016">
    <system-out><![CDATA[qaaa test2
]]></system-out>
  </testcase>
  <testcase name="getEmployeeDetails" classname="com.qa.tests.GetTests" time="2.009">
    <system-out><![CDATA[Request method:	GET
Request URI:	http://localhost:3000/employees
Proxy:			<none>
Request params:	<none>
Query params:	<none>
Form params:	<none>
Path params:	<none>
Headers:		Accept=*/*
Cookies:		<none>
Multiparts:		<none>
Body:			<none>
[
    {
        "firstname": "James",
        "lastname": "faulkner",
        "id": "23",
        "state": "goa"
    },
    {
        "firstname": "Janas",
        "lastname": "manas",
        "id": "24",
        "state": "garner"
    },
    {
        "employees": [
            {
                "firstname": "James",
                "lastname": "faulkner",
                "id": "23",
                "state": "goa"
            },
            {
                "firstname": "Janas",
                "lastname": "manas",
                "id": "24",
                "state": "garner"
            }
        ],
        "id": "gTjG6U4"
    },
    {
        "firstname": "James",
        "lastname": "faulkner",
        "id": 5,
        "state": "goa"
    },
    {
        "id": "pwk_Qms"
    },
    {
        "id": "ghYn-2S"
    },
    {
        "firstname": "James",
        "lastname": "faulkner",
        "id": 6,
        "state": "goa"
    },
    {
        "firstname": "James",
        "lastname": "faulkner",
        "id": 7,
        "state": "goa"
    },
    {
        "id": "YDt4nE9"
    },
    {
        "id": "hnCaSWx"
    },
    {
        "id": "wgfljfV"
    },
    {
        "id": "tnVdHAf"
    },
    {
        "id": "Q_KETmE"
    },
    {
        "id": "9j25M4k"
    },
    {
        "id": "1-oqTAz"
    },
    {
        "id": "XhlUYWK"
    },
    {
        "id": "AeW3fZn"
    },
    {
        "id": "1pf_Ht0"
    },
    {
        "id": "CclLKEE"
    },
    {
        "id": "KlRH_j0"
    },
    {
        "firstname": "Willis",
        "latname": "Fay",
        "id": 73217,
        "state": "Iowa"
    },
    {
        "firstname": "Bruno",
        "latname": "Murray",
        "id": 12164,
        "state": "Alabama"
    },
    {
        "firstname": "Ladawn",
        "latname": "Frami",
        "id": 91378,
        "state": "Nevada"
    },
    {
        "firstname": "Nyla",
        "latname": "Huel",
        "id": 96454,
        "state": "New Jersey"
    },
    {
        "firstname": "Lonnie",
        "latname": "Gaylord",
        "id": 81758,
        "state": "Utah"
    },
    {
        "firstname": "Verena",
        "latname": "Dicki",
        "id": 77145,
        "state": "Colorado"
    },
    {
        "firstname": "Marvel",
        "latname": "Christiansen",
        "id": 39637,
        "state": "Washington"
    },
    {
        "firstname": "Herlinda",
        "lastname": "Aufderhar",
        "id": 274,
        "state": "Louisiana",
        "jobs": [
            "Executive",
            "Producer"
        ],
        "food": {
            "lunch": "Poutine"
        }
    },
    {
        "firstname": "Tempie",
        "lastname": "Luettgen",
        "id": 344926371,
        "state": "South Dakota",
        "jobs": [
            "Orchestrator",
            "Planner"
        ],
        "food": {
            "lunch": "Chicken Parm",
            "breakfast": "Chicken Parm"
        }
    },
    {
        "firstname": "Alene",
        "lastname": "Schneider",
        "id": 608751063,
        "state": "New Mexico",
        "jobs": [
            "Representative",
            "Associate"
        ],
        "food": {
            "lunch": "Chicken Wings",
            "breakfast": "Pizza",
            "dinner": [
                "Chicken Fajitas",
                "Souvlaki"
            ]
        }
    },
    {
        "empty": false,
        "id": "8do1nQl"
    },
    {
        "empty": false,
        "id": "waC5i46"
    },
    {
        "firstname": "Moses",
        "jobs": [
            "Orchestrator",
            "Manager"
        ],
        "favfood": {
            "lunch": "Ricotta Stuffed Ravioli",
            "brakfast": "Caesar Salad",
            "dinner": [
                "Vegetable Soup",
                "Bruschette with Tomato"
            ]
        },
        "state": "Ohio",
        "id": 53,
        "email": [
            "b@gmail.com",
            "a@gmail.com"
        ],
        "lastname": "Rippin"
    },
    {
        "firstname": "Heidi",
        "jobs": [
            "Facilitator",
            "Liaison"
        ],
        "favfood": {
            "lunch": "Chilli con Carne",
            "brakfast": "Ricotta Stuffed Ravioli",
            "dinner": [
                "French Fries with Sausages",
                "Souvlaki"
            ]
        },
        "state": "Minnesota",
        "id": 62529602,
        "email": [
            "b@gmail.com",
            "a@gmail.com"
        ],
        "lastname": "Casper"
    },
    {
        "firstname": "Candice",
        "jobs": [
            "Strategist",
            "Engineer"
        ],
        "favfood": {
            "lunch": "Massaman Curry",
            "brakfast": "Pizza",
            "dinner": [
                "Pierogi",
                "Philadelphia Maki"
            ]
        },
        "state": "Nebraska",
        "id": 96735,
        "email": "a@gmail.com",
        "lastname": "Hartmann"
    },
    {
        "firstname": "Jacques",
        "jobs": [
            "Planner",
            "Director"
        ],
        "favfood": {
            "lunch": "Cauliflower Penne",
            "brakfast": "Linguine with Clams",
            "dinner": [
                "Pasta and Beans",
                "Som Tam"
            ]
        },
        "state": "Indiana",
        "id": 67617871,
        "email": [
            "b@gmail.com",
            "a@gmail.com"
        ],
        "lastname": "Yost"
    },
    {
        "firstname": "Sara",
        "email1": "",
        "jobs": [
            "Consultant",
            "Consultant"
        ],
        "favfood": {
            "lunch": "Bruschette with Tomato",
            "brakfast": "Cauliflower Penne",
            "dinner": [
                "Pasta Carbonara",
                "Cheeseburger"
            ]
        },
        "state": "Georgia",
        "id": 1748863,
        "email": [
            "b@gmail.com",
            "a@gmail.com"
        ],
        "lastname": "Kuhlman"
    },
    {
        "firstname": "Kurtis",
        "email1": "",
        "jobs": [
            "Developer",
            "Engineer"
        ],
        "favfood": {
            "lunch": "Pasta with Tomato and Basil",
            "brakfast": "Pizza",
            "dinner": [
                "Vegetable Soup",
                "Pork Sausage Roll"
            ]
        },
        "state": "West Virginia",
        "id": 80,
        "email": [
            "b@gmail.com",
            "a@gmail.com"
        ],
        "lastname": "Heaney"
    },
    {
        "firstname": "Junko",
        "email1": "",
        "jobs": [
            "Officer",
            "Engineer"
        ],
        "favfood": {
            "lunch": "Ricotta Stuffed Ravioli",
            "brakfast": "Chicken Milanese",
            "dinner": [
                "Souvlaki",
                "Bruschette with Tomato"
            ]
        },
        "state": "Oklahoma",
        "id": 9,
        "email": [
            "b@gmail.com",
            "a@gmail.com"
        ],
        "lastname": "Batz"
    },
    {
        "id": "ULqgF8b"
    },
    {
        "id": "kgcpZ2n"
    },
    {
        "id": "ZPZlFpq"
    },
    {
        "id": "SBOZ4Zr"
    },
    {
        "id": "Sb6gtyu"
    },
    {
        "id": "_nHtFIV"
    },
    {
        "id": "GPYY9nX"
    },
    {
        "id": "JoeSHSo"
    },
    {
        "firstName": "Pierre",
        "lastName": "DuBuque",
        "state": "Illinois",
        "id": 4,
        "jobs": [
            "Corporate Real-Estate Executive",
            "Investor Consulting Consultant"
        ],
        "email": "RafaelaWalsh@gmail.com"
    },
    {
        "firstName": "Elda",
        "lastName": "Carroll",
        "state": "Virginia",
        "id": 1,
        "jobs": [
            "Retail Analyst",
            "Accounting Planner"
        ],
        "email": "ShaunJohns@gmail.com"
    },
    {
        "firstName": "Brett",
        "lastName": "Hauck",
        "state": "Minnesota",
        "id": 7381880,
        "jobs": [
            "Regional Design Technician",
            "Dynamic Engineer"
        ],
        "email": "NoelGreenholt@gmail.com"
    },
    {
        "firstName": "Lakesha",
        "lastName": "Larkin",
        "state": "Minnesota",
        "id": 4371955,
        "jobs": [
            "IT Producer",
            "Customer Design Officer"
        ],
        "email": "LanieBernier@gmail.com",
        "favFoods": null
    },
    {
        "firstName": "Alfonso",
        "lastName": "Von",
        "state": "Wisconsin",
        "id": 344,
        "jobs": [
            "Principal Advertising Orchestrator",
            "Mining Analyst"
        ],
        "email": "RufinaTreutel@gmail.com",
        "favFoods": null
    },
    {
        "firstName": "Ryann",
        "lastName": "Haley",
        "state": "South Carolina",
        "id": 3368,
        "jobs": [
            "Chief Executive",
            "Hospitality Agent"
        ],
        "email": "ValentinJacobi@gmail.com",
        "favFoods": {
            "dinner": "Mushroom Risotto",
            "lunch": "Pasta Carbonara",
            "breakFast": "Philadelphia Maki"
        }
    },
    {
        "firstName": "Audrey",
        "lastName": "Stanton",
        "state": "New York",
        "id": 8120,
        "jobs": [
            "Dynamic Architect",
            "Senior Healthcare Consultant"
        ],
        "email": "VerlieProsacco@gmail.com",
        "favFoods": {
            "dinner": "Linguine with Clams",
            "lunch": "Poke",
            "breakFast": "Fettuccine Alfredo"
        }
    },
    {
        "id": "rA0yilT"
    },
    {
        "id": "urI5trj"
    },
    {
        "id": 1719,
        "city": "West Toddburgh",
        "fname": "bret",
        "lname": "schulist"
    },
    {
        "id": 770,
        "city": "Gayleburgh",
        "lname": "rau",
        "fname": "dana"
    },
    {
        "id": 2225,
        "city": "Howeberg",
        "lname": "ferry",
        "fname": "shellie"
    },
    {
        "id": 1288,
        "city": "Garyfort",
        "lname": "frami",
        "fname": "margaret"
    },
    {
        "id": "2ppGS-_"
    },
    {
        "id": "ZT3o3v0"
    },
    {
        "id": "3sc-9Zx"
    },
    {
        "id": "6sjKMTm"
    },
    {
        "id": "lPI50d4"
    },
    {
        "id": "t2gc-9Y"
    },
    {
        "id": 298,
        "city": "Gulgowskifort",
        "fname": "anibal",
        "lname": "berge"
    },
    {
        "id": 215,
        "city": "Longville",
        "fname": "mack",
        "lname": "grimes"
    },
    {
        "id": "qcLm0Ln"
    },
    {
        "id": "hmIfmkZ"
    }
]
]]></system-out>
  </testcase>
</testsuite>