<?xml version="1.0" encoding="UTF-8"?>
<!-- Generated by org.testng.reporters.JUnitReportReporter -->
<testsuite skipped="0" hostname="Love" name="com.qa.tests.GetTests" tests="1" failures="0" timestamp="2023-02-12T12:36:20 IST" time="2.033" errors="0">
  <testcase name="getEmployeeDetails" time="2.033" classname="com.qa.tests.GetTests"/>
  <system-out/>
</testsuite> <!-- com.qa.tests.GetTests -->
