<?xml version="1.0" encoding="UTF-8"?>
<!-- Generated by org.testng.reporters.JUnitReportReporter -->
<testsuite skipped="0" hostname="Love" name="com.qa.tests.DPTest" tests="2" failures="0" timestamp="2023-02-12T12:36:20 IST" time="0.016" errors="0">
  <testcase name="DataProviderTest" time="0.000" classname="com.qa.tests.DPTest"/>
  <system-out/>
  <testcase name="DataProviderTest" time="0.016" classname="com.qa.tests.DPTest"/>
  <system-out/>
</testsuite> <!-- com.qa.tests.DPTest -->
